[0;32m🚀 Запуск диагностики авторизации...[0m
📄 Загружаем .env.local...

[0;34m📋 Проверка переменных окружения...[0m
Критические переменные:
  ✅ NEXT_PUBLIC_SUPABASE_URL - [0;32mустановлена[0m (https://...abase.co)
  ✅ NEXT_PUBLIC_SUPABASE_ANON_KEY - [0;32mустановлена[0m (eyJhbGci...eiB9t_PQ)
  ✅ SUPABASE_SERVICE_ROLE_KEY - [0;32mустановлена[0m (eyJhbGci...6VbBAKqA)
  ✅ NEXT_PUBLIC_APP_URL - [0;32mустановлена[0m (http://l...ost:3001)

Опциональные переменные:
  ⚠️  NEXT_PUBLIC_GOOGLE_CLIENT_ID - [1;33mне установлена[0m
  ⚠️  GOOGLE_CLIENT_SECRET - [1;33mне установлена[0m
  ✅ TELEGRAM_BOT_TOKEN - [0;32mустановлена[0m (80054339...viq9RsTA)

[0;32m✅ Все критические переменные окружения настроены[0m
[1;33m⚠️  2 опциональных переменных не настроены[0m

[0;34m🔌 Проверка подключения к Supabase...[0m
Проверяем: https://eyytlxntilefnmkhjgot.supabase.co/rest/v1/
[0;32m✅ Supabase API доступен[0m

[0;34m⚙️ Проверка конфигурации Next.js...[0m
✅ next.config.ts найден
✅ middleware.ts найден
[0;32m✅ Cookie handling настроен[0m

[0;34m🏗️ Проверка сборки приложения...[0m
✅ Директория .next найдена
📦 Размер сборки: 324M

[0;34m📋 Проверка возможных проблем в коде...[0m
📄 Проверяем src/hooks/useAuth.tsx...
  [1;33m⚠️  Найдены обработчики ошибок[0m
  ✅ Состояние загрузки обрабатывается
📄 Проверяем src/app/auth/page.tsx...
  [1;33m⚠️  Найдены обработчики ошибок[0m
📄 Проверяем src/lib/supabase.ts...
  [1;33m⚠️  Найдены обработчики ошибок[0m
📄 Проверяем middleware.ts...

[0;34m🧪 Тестирование auth endpoints...[0m
Тестируем: http://localhost:3001
📄 Главная страница: [0;31m❌ недоступна[0m
🔐 Страница авторизации: [0;31m❌ недоступна[0m
🔌 Health check: [1;33m⚠️  endpoint не найден или недоступен[0m

==================================================
[0;32m✅ Диагностика завершена. Критических проблем не найдено.[0m
Если авторизация всё ещё зависает, проверьте browser DevTools.

[0;34m📋 Полный отчет сохранен в: auth-diagnosis.log[0m
